State 0:
          program ::= * expr
          expr ::= * expr MINUS expr
          expr ::= * expr PLUS expr
          expr ::= * expr TIMES expr
          expr ::= * expr DIVIDE expr

                       program accept
                          expr shift  5

State 1:
          expr ::= * expr MINUS expr
          expr ::= * expr PLUS expr
          expr ::= * expr TIMES expr
          expr ::= * expr DIVIDE expr
          expr ::= expr DIVIDE * expr

                          expr shift  8

State 2:
          expr ::= * expr MINUS expr
          expr ::= * expr PLUS expr
          expr ::= * expr TIMES expr
          expr ::= expr TIMES * expr
          expr ::= * expr DIVIDE expr

                          expr shift  9

State 3:
          expr ::= * expr MINUS expr
          expr ::= * expr PLUS expr
          expr ::= expr PLUS * expr
          expr ::= * expr TIMES expr
          expr ::= * expr DIVIDE expr

                          expr shift  6

State 4:
          expr ::= * expr MINUS expr
          expr ::= expr MINUS * expr
          expr ::= * expr PLUS expr
          expr ::= * expr TIMES expr
          expr ::= * expr DIVIDE expr

                          expr shift  7

State 5:
      (0) program ::= expr *
          expr ::= expr * MINUS expr
          expr ::= expr * PLUS expr
          expr ::= expr * TIMES expr
          expr ::= expr * DIVIDE expr

                             $ reduce 0
                          PLUS shift  3
                         MINUS shift  4
                        DIVIDE shift  1
                         TIMES shift  2

State 6:
          expr ::= expr * MINUS expr
          expr ::= expr * PLUS expr
      (2) expr ::= expr PLUS expr *
          expr ::= expr * TIMES expr
          expr ::= expr * DIVIDE expr

                        DIVIDE shift  1
                         TIMES shift  2
                     {default} reduce 2

State 7:
          expr ::= expr * MINUS expr
      (1) expr ::= expr MINUS expr *
          expr ::= expr * PLUS expr
          expr ::= expr * TIMES expr
          expr ::= expr * DIVIDE expr

                        DIVIDE shift  1
                         TIMES shift  2
                     {default} reduce 1

State 8:
          expr ::= expr * MINUS expr
          expr ::= expr * PLUS expr
          expr ::= expr * TIMES expr
          expr ::= expr * DIVIDE expr
      (4) expr ::= expr DIVIDE expr *

                     {default} reduce 4

State 9:
          expr ::= expr * MINUS expr
          expr ::= expr * PLUS expr
          expr ::= expr * TIMES expr
      (3) expr ::= expr TIMES expr *
          expr ::= expr * DIVIDE expr

                     {default} reduce 3

----------------------------------------------------
Symbols:
    0: $:
    1: PLUS
    2: MINUS
    3: DIVIDE
    4: TIMES
    5: error:
    6: program:
    7: expr:
