State 0:
          start ::= * statements
          statements ::= * statement statements
          statement ::= * expression
          statement ::= * ifStatement
          statement ::= * RAW
          statement ::= * EXPRESSION expression
          ifStatement ::= * IF expression statements elseStatement
          expression ::= * VARIABLE

                           RAW shift  18
                    EXPRESSION shift  9
                            IF shift  8
                      VARIABLE shift  16
                         start accept
                    statements shift  11
                     statement shift  4
                    expression shift  20
                   ifStatement shift  19

State 1:
          statements ::= * statement statements
          statement ::= * expression
          statement ::= * ifStatement
          statement ::= * RAW
          statement ::= * EXPRESSION expression
          ifStatement ::= * IF expression statements elseStatement
          elseStatement ::= ELSEIF expression * statements elseStatement
          expression ::= * VARIABLE

                           RAW shift  18
                    EXPRESSION shift  9
                            IF shift  8
                      VARIABLE shift  16
                    statements shift  5
                     statement shift  4
                    expression shift  20
                   ifStatement shift  19

State 2:
          statements ::= * statement statements
          statement ::= * expression
          statement ::= * ifStatement
          statement ::= * RAW
          statement ::= * EXPRESSION expression
          ifStatement ::= * IF expression statements elseStatement
          elseStatement ::= ELSE * statements ENDIF
          expression ::= * VARIABLE

                           RAW shift  18
                    EXPRESSION shift  9
                            IF shift  8
                      VARIABLE shift  16
                    statements shift  10
                     statement shift  4
                    expression shift  20
                   ifStatement shift  19

State 3:
          statements ::= * statement statements
          statement ::= * expression
          statement ::= * ifStatement
          statement ::= * RAW
          statement ::= * EXPRESSION expression
          ifStatement ::= * IF expression statements elseStatement
          ifStatement ::= IF expression * statements elseStatement
          expression ::= * VARIABLE

                           RAW shift  18
                    EXPRESSION shift  9
                            IF shift  8
                      VARIABLE shift  16
                    statements shift  6
                     statement shift  4
                    expression shift  20
                   ifStatement shift  19

State 4:
          statements ::= * statement statements
          statements ::= statement * statements
          statement ::= * expression
          statement ::= * ifStatement
          statement ::= * RAW
          statement ::= * EXPRESSION expression
          ifStatement ::= * IF expression statements elseStatement
          expression ::= * VARIABLE

                           RAW shift  18
                    EXPRESSION shift  9
                            IF shift  8
                      VARIABLE shift  16
                    statements shift  21
                     statement shift  4
                    expression shift  20
                   ifStatement shift  19

State 5:
          elseStatement ::= * ENDIF
          elseStatement ::= * ELSE statements ENDIF
          elseStatement ::= * ELSEIF expression statements elseStatement
          elseStatement ::= ELSEIF expression statements * elseStatement

                         ENDIF shift  14
                          ELSE shift  2
                        ELSEIF shift  7
                 elseStatement shift  12

State 6:
          ifStatement ::= IF expression statements * elseStatement
          elseStatement ::= * ENDIF
          elseStatement ::= * ELSE statements ENDIF
          elseStatement ::= * ELSEIF expression statements elseStatement

                         ENDIF shift  14
                          ELSE shift  2
                        ELSEIF shift  7
                 elseStatement shift  15

State 7:
          elseStatement ::= ELSEIF * expression statements elseStatement
          expression ::= * VARIABLE

                      VARIABLE shift  16
                    expression shift  1

State 8:
          ifStatement ::= IF * expression statements elseStatement
          expression ::= * VARIABLE

                      VARIABLE shift  16
                    expression shift  3

State 9:
          statement ::= EXPRESSION * expression
          expression ::= * VARIABLE

                      VARIABLE shift  16
                    expression shift  17

State 10:
          elseStatement ::= ELSE statements * ENDIF

                         ENDIF shift  13

State 11:
      (0) start ::= statements *

                             $ reduce 0

State 12:
      (9) elseStatement ::= ELSEIF expression statements elseStatement *

                     {default} reduce 9

State 13:
      (8) elseStatement ::= ELSE statements ENDIF *

                     {default} reduce 8

State 14:
      (7) elseStatement ::= ENDIF *

                     {default} reduce 7

State 15:
      (6) ifStatement ::= IF expression statements elseStatement *

                     {default} reduce 6

State 16:
     (10) expression ::= VARIABLE *

                     {default} reduce 10

State 17:
      (5) statement ::= EXPRESSION expression *

                     {default} reduce 5

State 18:
      (4) statement ::= RAW *

                     {default} reduce 4

State 19:
      (3) statement ::= ifStatement *

                     {default} reduce 3

State 20:
      (2) statement ::= expression *

                     {default} reduce 2

State 21:
      (1) statements ::= statement statements *

                     {default} reduce 1

----------------------------------------------------
Symbols:
    0: $:
    1: AND
    2: OR
    3: EQ
    4: NE
    5: GT
    6: GE
    7: LT
    8: LE
    9: PLUS
   10: MINUS
   11: TIMES
   12: DIVIDE
   13: MOD
   14: EXP
   15: NOT
   16: RAW
   17: EXPRESSION
   18: IF
   19: ENDIF
   20: ELSE
   21: ELSEIF
   22: VARIABLE
   23: error:
   24: start: RAW EXPRESSION IF VARIABLE
   25: statements: RAW EXPRESSION IF VARIABLE
   26: statement: RAW EXPRESSION IF VARIABLE
   27: expression: VARIABLE
   28: ifStatement: IF
   29: elseStatement: ENDIF ELSE ELSEIF
